0 info it worked if it ends with ok
1 verbose cli [ 'node', '/usr/local/bin/npm', 'publish' ]
2 info using npm@2.8.3
3 info using node@v0.10.31
4 verbose publish [ '.' ]
5 silly cache add args [ '.', null ]
6 verbose cache add spec .
7 silly cache add parsed spec { raw: '.',
7 silly cache add   scope: null,
7 silly cache add   name: null,
7 silly cache add   rawSpec: '.',
7 silly cache add   spec: '/Users/arieljake/Documents/Projects/Routes',
7 silly cache add   type: 'directory' }
8 verbose addLocalDirectory /Users/arieljake/.npm/config-routes/0.0.16/package.tgz not in flight; packing
9 verbose tar pack [ '/Users/arieljake/.npm/config-routes/0.0.16/package.tgz',
9 verbose tar pack   '/Users/arieljake/Documents/Projects/Routes' ]
10 verbose tarball /Users/arieljake/.npm/config-routes/0.0.16/package.tgz
11 verbose folder /Users/arieljake/Documents/Projects/Routes
12 info prepublish config-routes@0.0.16
13 verbose addLocalTarball adding from inside cache /Users/arieljake/.npm/config-routes/0.0.16/package.tgz
14 silly cache afterAdd config-routes@0.0.16
15 verbose afterAdd /Users/arieljake/.npm/config-routes/0.0.16/package/package.json not in flight; writing
16 verbose afterAdd /Users/arieljake/.npm/config-routes/0.0.16/package/package.json written
17 silly publish { name: 'config-routes',
17 silly publish   version: '0.0.16',
17 silly publish   description: 'Configuration based routing for express, written in es6 compiled to es5',
17 silly publish   keywords:
17 silly publish    [ 'expressjs',
17 silly publish      'route',
17 silly publish      'routing',
17 silly publish      'configuration',
17 silly publish      'json',
17 silly publish      'functional' ],
17 silly publish   main: 'dist-es5/index.js',
17 silly publish   repository:
17 silly publish    { type: 'git',
17 silly publish      url: 'git://github.com/arieljake/config-routes.git' },
17 silly publish   bugs: { url: 'https://github.com/arieljake/config-routes/issues' },
17 silly publish   homepage: 'https://github.com/arieljake/config-routes',
17 silly publish   dependencies:
17 silly publish    { async: '^0.9.0',
17 silly publish      eventemitter3: '^0.1.6',
17 silly publish      lodash: '^2.4.1',
17 silly publish      mongodb: '^1.4.30',
17 silly publish      q: '^1.1.2',
17 silly publish      'traceur-runtime': '0.0.59',
17 silly publish      uuid: '^2.0.1',
17 silly publish      wrench: '^1.5.8' },
17 silly publish   devDependencies:
17 silly publish    { chai: '^1.10.0',
17 silly publish      grunt: '^0.4.5',
17 silly publish      'grunt-contrib-clean': '^0.6.0',
17 silly publish      'grunt-contrib-copy': '^0.7.0',
17 silly publish      'grunt-contrib-jshint': '^0.11.2',
17 silly publish      'grunt-jsonlint': '^1.0.4',
17 silly publish      'grunt-mocha-test': '^0.12.7',
17 silly publish      'grunt-traceur': '^0.5.1',
17 silly publish      traceur: '0.0.81' },
17 silly publish   scripts: { test: 'grunt test' },
17 silly publish   author: { name: 'Ariel Jakobovits' },
17 silly publish   license: 'Apache-2.0',
17 silly publish   engines: { node: '>=0.10.0' },
17 silly publish   readme: '##Example\n\n1) Define steps for route in json format:\n\n\t[\n\t\t{\n\t\t\t"fn": "database/mongo/getRecords",\n\t\t\t"config":\n\t\t\t{\n\t\t\t\t"collection": "tblCustomers",\n\t\t\t\t"saveTo": "customerRecords"\n\t\t\t}\n\t\t},\n\t\t{\n\t\t\t"fn": "output/res.send.final",\n\t\t\t"config":\n\t\t\t{\n\t\t\t\t"valueAt": "customerRecords"\n\t\t\t}\n\t\t}\n\t]\n\t\nReads as:\n\t\nStep 1, get (all) records for the tblCustomers collection and save the results to \'customerRecords\' in the common state\n\t\nStep 2, call res.send() with the data stored at \'customerRecords\' in common state',
17 silly publish   readmeFilename: 'README.md',
17 silly publish   gitHead: '2636e913ee6874766c751feed423fff1f29d9495',
17 silly publish   _id: 'config-routes@0.0.16',
17 silly publish   _shasum: '4d035838f90b659d8451b681b7e8ba5c78e5d106',
17 silly publish   _from: '.' }
18 silly mapToRegistry name config-routes
19 silly mapToRegistry using default registry
20 silly mapToRegistry registry https://registry.npmjs.org/
21 silly mapToRegistry uri https://registry.npmjs.org/config-routes
22 verbose publish registryBase https://registry.npmjs.org/
23 silly publish uploading /Users/arieljake/.npm/config-routes/0.0.16/package.tgz
24 verbose request uri https://registry.npmjs.org/config-routes
25 verbose request sending authorization for write operation
26 info attempt registry request try #1 at 16:51:27
27 verbose request id cf80c501141c676a
28 http request PUT https://registry.npmjs.org/config-routes
29 http 403 https://registry.npmjs.org/config-routes
30 verbose headers { date: 'Tue, 28 Apr 2015 13:51:40 GMT',
30 verbose headers   server: 'Apache',
30 verbose headers   'content-type': 'application/json',
30 verbose headers   'cache-control': 'max-age=60',
30 verbose headers   'content-length': '96',
30 verbose headers   'accept-ranges': 'bytes',
30 verbose headers   via: '1.1 varnish',
30 verbose headers   'x-served-by': 'cache-ams4127-AMS',
30 verbose headers   'x-cache': 'MISS',
30 verbose headers   'x-cache-hits': '0',
30 verbose headers   'x-timer': 'S1430229097.913768,VS0,VE2563',
30 verbose headers   'keep-alive': 'timeout=10, max=50',
30 verbose headers   connection: 'Keep-Alive' }
31 verbose request invalidating /Users/arieljake/.npm/registry.npmjs.org/config-routes on PUT
32 error publish Failed PUT 403
33 verbose stack Error: "You cannot publish over the previously published version 0.0.16." : config-routes
33 verbose stack     at CachingRegistryClient.<anonymous> (/usr/local/lib/node_modules/npm/node_modules/npm-registry-client/lib/request.js:247:14)
33 verbose stack     at Request._callback (/usr/local/lib/node_modules/npm/node_modules/npm-registry-client/lib/request.js:170:14)
33 verbose stack     at Request.self.callback (/usr/local/lib/node_modules/npm/node_modules/request/request.js:368:22)
33 verbose stack     at Request.emit (events.js:98:17)
33 verbose stack     at Request.<anonymous> (/usr/local/lib/node_modules/npm/node_modules/request/request.js:1219:14)
33 verbose stack     at Request.emit (events.js:117:20)
33 verbose stack     at IncomingMessage.<anonymous> (/usr/local/lib/node_modules/npm/node_modules/request/request.js:1167:12)
33 verbose stack     at IncomingMessage.emit (events.js:117:20)
33 verbose stack     at _stream_readable.js:943:16
33 verbose stack     at process._tickCallback (node.js:419:13)
34 verbose statusCode 403
35 verbose pkgid config-routes
36 verbose cwd /Users/arieljake/Documents/Projects/Routes
37 error Darwin 13.4.0
38 error argv "node" "/usr/local/bin/npm" "publish"
39 error node v0.10.31
40 error npm  v2.8.3
41 error code E403
42 error "You cannot publish over the previously published version 0.0.16." : config-routes
43 error If you need help, you may report this error at:
43 error     <https://github.com/npm/npm/issues>
44 verbose exit [ 1, true ]
